make all --print-data-base --no-builtin-variables --no-builtin-rules --question
# GNU Make 4.2.1
# Built for x86_64-suse-linux-gnu
# Copyright (C) 1988-2016 Free Software Foundation, Inc.
# License GPLv3+: GNU GPL version 3 or later <http://gnu.org/licenses/gpl.html>
# This is free software: you are free to change and redistribute it.
# There is NO WARRANTY, to the extent permitted by law.

 
# Make data base, printed on Mon Feb  7 16:52:19 2022

# Variables

# environment
WEBBROWSER = firefox
# automatic
<D = $(patsubst %/,%,$(dir $<))
# automatic
?F = $(notdir $?)
# default
.SHELLFLAGS := -c
# environment
XDG_SESSION_CLASS = user
# environment
VSCODE_AGENT_FOLDER = /home/k/kyledy/.vscode-server
# environment
XDG_SESSION_TYPE = tty
# environment
VSCODE_LOG_NATIVE = false
# environment
GTK3_MODULES = unity-gtk-module
# automatic
?D = $(patsubst %/,%,$(dir $?))
# environment
JAVA_ROOT = /usr/lib64/jvm/java
# environment
FIGNORE = .o:.class
# automatic
@D = $(patsubst %/,%,$(dir $@))
# automatic
@F = $(notdir $@)
# default
MAKE_VERSION := 4.2.1
# makefile
CURDIR := /home/k/kyledy/cs221/pa1-2021w2-20220130-2314
# makefile
SHELL = /bin/sh
# environment
CONFIG_SITE = /usr/share/site/x86_64-unknown-linux-gnu
# environment
VSCODE_NLS_CONFIG = {"locale":"en","availableLanguages":{}}
# environment
_ = /usr/bin/make
# environment
XDG_CONFIG_DIRS = /cs/local/generic/share/xfce/xdg:/etc/xdg
# environment
LESSOPEN = lessopen.sh %s
# makefile (from 'Makefile', line 1)
MAKEFILE_LIST :=  Makefile
# environment
MINICOM = -c on
# 'override' directive
GNUMAKEFLAGS := 
# makefile (from 'Makefile', line 5)
CXXFLAGS = -stdlib=libc++ -std=c++1y -c -g -O0 -Wall -Wextra -pedantic
# environment
XDG_DATA_DIRS = /cs/local/generic/share/xfce/share:/home/k/kyledy/.local/share/flatpak/exports/share:/var/lib/flatpak/exports/share:/usr/local/share:/usr/share
# environment
LIBGL_DEBUG = quiet
# environment
DBUS_SESSION_BUS_ADDRESS = unix:path=/run/user/2969638/bus
# environment
VSCODE_VERBOSE_LOGGING = true
# environment
MACHTYPE = x86_64-suse-linux
# makefile (from 'Makefile', line 2)
OBJS = PNG.o HSLAPixel.o lodepng.o testimglist.o imglist.o
# environment
INFOPATH = /cs/local/generic/info:/usr/local/info:/usr/info:/usr/share/info:.
# environment
USER = kyledy
# environment
VSCODE_CWD = /home/k/kyledy
# environment
SSH_CONNECTION = 128.189.219.105 51784 198.162.33.37 22
# environment
PATH = /home/k/kyledy/.vscode-server/bin/5554b12acf27056905806867f251c859323ff7e9/bin/remote-cli:/cs/local/bin:/cs/local/generic/bin:/cs/local/bin/pbm+:/bin:/usr/ucb:/usr/bin:/home/k/kyledy/bin:/home/k/kyledy/bin/ix64linux:/home/k/kyledy/.vscode-server/bin/5554b12acf27056905806867f251c859323ff7e9/bin:/usr/local/bin:/var/cfengine/bin:/usr/lib/mit/bin
# makefile (from 'Makefile', line 6)
LD = clang++
# environment
define BASH_FUNC_mc%%
() {  . /usr/share/mc/mc-wrapper.sh
}
endef
# environment
XCURSOR_THEME = DMZ
# environment
XDG_RUNTIME_DIR = /run/user/2969638
# environment
BASH_ENV = /home/k/kyledy/.bashrc
# environment
JAVA_BINDIR = /usr/lib64/jvm/java/bin
# environment
VSCODE_LOG_STACK = false
# environment
VSCODE_IPC_HOOK_CLI = /run/user/2969638/vscode-ipc-9d46b6dd-9112-4372-a186-bcab01a1c0c7.sock
# makefile (from 'Makefile', line 7)
LDFLAGS = -stdlib=libc++ -std=c++1y -lc++abi -lpthread -lm
# default
.FEATURES := target-specific order-only second-expansion else-if shortest-stem undefine oneshell archives jobserver output-sync check-symlink load
# environment
LS_COLORS = 
# environment
XAPPLRESDIR = /cs/local/generic/lib/X11/app-defaults
# environment
JDK_HOME = /usr/lib64/jvm/java
# automatic
%F = $(notdir $%)
# environment
VSCODE_PIPE_LOGGING = true
# environment
PWD = /home/k/kyledy/cs221/pa1-2021w2-20220130-2314
# default
.LOADED := 
# environment
QEMU_AUDIO_DRV = pa
# automatic
*D = $(patsubst %/,%,$(dir $*))
# environment
AUDIODRIVER = pulseaudio
# environment
G_BROKEN_FILENAMES = 1
# environment
MANPATH = /usr/local/man:/usr/share/man:/var/cfengine/share/man
# environment
VSCODE_AMD_ENTRYPOINT = vs/workbench/services/extensions/node/extensionHostProcess
# environment
EXINIT = set nu showmode showmatch exrc
# environment
HOME = /home/k/kyledy
# environment
LESSCLOSE = lessclose.sh %s %s
# environment
LESSKEY = /etc/lesskey.bin
# environment
LOGNAME = kyledy
# environment
G_FILENAME_ENCODING = @locale,UTF-8,ISO-8859-15,CP1252
# environment
APPLICATION_INSIGHTS_NO_DIAGNOSTIC_CHANNEL = true
# automatic
+F = $(notdir $+)
# environment
SDK_HOME = /usr/lib64/jvm/java
# environment
VSCODE_HANDLES_UNCAUGHT_ERRORS = true
# automatic
^D = $(patsubst %/,%,$(dir $^))
# environment
HOSTNAME = pender
# environment
JDK_JAVA_OPTIONS = -Xmx500m
# environment
MAKELEVEL := 0
# environment
COLORTERM = 1
# default
MAKE = $(MAKE_COMMAND)
# default
MAKECMDGOALS := all
# environment
OSTYPE = linux
# environment
XKEYSYMDB = /usr/X11R6/lib/X11/XKeysymDB
# environment
SHLVL = 5
# environment
JRE_HOME = /usr/lib64/jvm/java
# environment
WINDOWMANAGER = /usr/bin/startxfce4
# environment
UBUNTU_MENUPROXY = 1
# environment
LESS_ADVANCED_PREPROCESSOR = no
# environment
JAVA_HOME = /usr/lib64/jvm/java
# environment
XDG_SESSION_ID = 14619
# environment
EDITOR = vi
# environment
LS_OPTIONS = -N --color=none -T 0
# makefile
.DEFAULT_GOAL := all
# environment
CLASSPATH = .
# environment
LESS = -M -I -R
# automatic
%D = $(patsubst %/,%,$(dir $%))
# environment
CPU = x86_64
# environment
CS_MACH = ix64linux
# default
MAKE_COMMAND := make
# environment
PROFILEREAD = true
# default
.VARIABLES := 
# environment
CVS_RSH = ssh
# automatic
*F = $(notdir $*)
# makefile
MAKEFLAGS = pqrR
# environment
MFLAGS = -pqrR
# environment
SSH_CLIENT = 128.189.219.105 51784 22
# environment
MAIL = /var/spool/mail/kyledy
# automatic
+D = $(patsubst %/,%,$(dir $+))
# environment
BROWSER = /home/k/kyledy/.vscode-server/bin/5554b12acf27056905806867f251c859323ff7e9/bin/helpers/browser.sh
# environment
GTK2_MODULES = unity-gtk-module
# environment
CS_BSD = 1
# environment
PYTHONSTARTUP = /etc/pythonstart
# default
MAKEFILES := 
# automatic
<F = $(notdir $<)
# environment
CSHEDIT = emacs
# environment
CS_UNIX = bsd
# makefile (from 'Makefile', line 4)
CXX = clang++
# environment
PAGER = less
# environment
LC_ALL = C
# makefile (from 'Makefile', line 1)
EXEImglist = testimglist
# environment
HOSTTYPE = x86_64
# automatic
^F = $(notdir $^)
# environment
FROM_HEADER = 
# default
SUFFIXES := 
# environment
HISTSIZE = 1000
# environment
XNLSPATH = /usr/share/X11/nls
# default
.INCLUDE_DIRS = /usr/include /usr/local/include /usr/include
# environment
MORE = -sl
# environment
SDL_AUDIODRIVER = pulse
# default
.RECIPEPREFIX := 
# environment
define BASH_FUNC_use%%
() {  eval `/cs/local/generic/bin/use $*`
}
endef
# environment
GPG_TTY = not a tty
# default
MAKE_HOST := x86_64-suse-linux-gnu
# environment
LANG = C
# environment
QT_SYSTEM_DIR = /usr/share/desktop-data
# environment
VSCODE_EXTHOST_WILL_SEND_SOCKET = true
# environment
PILOTPORT = usb:
# environment
HOST = pender
# variable set hash-table stats:
# Load=134/1024=13%, Rehash=0, Collisions=16/166=10%

# Pattern-specific Variable Values

# No pattern-specific variable values.

# Directories

# . (device 59, inode 22169836561): 17 files, no impossibilities.

# 17 files, no impossibilities in 1 directories.

# Implicit Rules

# No implicit rules.

# Files

# Not a target:
cs221util/HSLAPixel.h:
#  Implicit rule search has been done.
 
#  Last modified 2022-01-31 23:16:14.356225
#  File has been updated.
#  Successfully updated.

# Not a target:
cs221util/HSLAPixel.cpp:
#  Implicit rule search has been done.
#  Last modified 2022-01-31 23:16:14.212458
#  File has been updated.
#  Successfully updated.

all: testimglist
#  Command line target.
#  Implicit rule search has been done.
#  File does not exist.
#  File has been updated.
#  Needs to be updated (-q is set).
# variable set hash-table stats:
# Load=0/32=0%, Rehash=0, Collisions=0/5=0%

# Not a target:
testimglist.cpp:
#  Implicit rule search has been done.
#  Last modified 2022-02-07 15:47:04.527873
#  File has been updated.
#  Successfully updated.

# Not a target:
.SUFFIXES:
#  Implicit rule search has not been done.
#  Modification time never checked.
#  File has not been updated.

# Not a target:
cs221util/PNG.h:
#  Implicit rule search has been done.
#  Last modified 2022-01-31 23:16:14.722964
#  File has been updated.
#  Successfully updated.

# Not a target:
Makefile:
#  Implicit rule search has been done.
#  Last modified 2022-01-31 23:16:15.113866
#  File has been updated.
#  Successfully updated.

# Not a target:
cs221util/PNG.cpp:
#  Implicit rule search has been done.
#  Last modified 2022-01-31 23:16:14.455139
#  File has been updated.
#  Successfully updated.

imglist.o: imglist.cpp imglist.h
#  Implicit rule search has not been done.
#  Implicit/static pattern stem: ''
#  Last modified 2022-02-07 16:02:12.519467
#  File has been updated.
#  Needs to be updated (-q is set).
# automatic
# @ := imglist.o
# automatic
# % := 
# automatic
# * := 
# automatic
# + := imglist.cpp imglist.h
# automatic
# | := 
# automatic
# < := imglist.cpp
# automatic
# ^ := imglist.cpp imglist.h
# automatic
# ? := imglist.cpp
# variable set hash-table stats:
# Load=8/32=25%, Rehash=0, Collisions=1/13=8%
#  recipe to execute (from 'Makefile', line 18):
	$(CXX) $(CXXFLAGS) imglist.cpp

testimglist.o: testimglist.cpp imglist.h cs221util/PNG.h cs221util/HSLAPixel.h
#  Implicit rule search has not been done.
#  Last modified 2022-02-07 15:47:20.893905
#  File has been updated.
#  Successfully updated.
#  recipe to execute (from 'Makefile', line 15):
	$(CXX) $(CXXFLAGS) testimglist.cpp

testimglist: PNG.o HSLAPixel.o lodepng.o testimglist.o imglist.o
#  Implicit rule search has not been done.
#  Last modified 2022-02-07 16:02:12.716892
#  File has been updated.
#  Needs to be updated (-q is set).
# variable set hash-table stats:
# Load=0/32=0%, Rehash=0, Collisions=0/5=0%
#  recipe to execute (from 'Makefile', line 12):
	$(LD) $(OBJS) $(LDFLAGS) -o $(EXEImglist)

# Not a target:
.DEFAULT:
#  Implicit rule search has not been done.
#  Modification time never checked.
#  File has not been updated.

clean:
#  Implicit rule search has not been done.
#  Modification time never checked.
#  File has not been updated.
#  recipe to execute (from 'Makefile', line 30):
	-rm -f *.o $(EXEImglist)

lodepng.o: cs221util/lodepng/lodepng.cpp cs221util/lodepng/lodepng.h
#  Implicit rule search has not been done.
#  Last modified 2022-02-03 16:21:30.019157
#  File has been updated.
#  Successfully updated.
#  recipe to execute (from 'Makefile', line 27):
	$(CXX) $(CXXFLAGS) cs221util/lodepng/lodepng.cpp

# Not a target:
imglist.h:
#  Implicit rule search has been done.
#  Last modified 2022-02-06 21:19:46.654
#  File has been updated.
#  Successfully updated.

PNG.o: cs221util/PNG.cpp cs221util/PNG.h cs221util/HSLAPixel.h cs221util/lodepng/lodepng.h
#  Implicit rule search has not been done.
#  Last modified 2022-02-03 16:21:28.465829
#  File has been updated.
#  Successfully updated.
#  recipe to execute (from 'Makefile', line 21):
	$(CXX) $(CXXFLAGS) cs221util/PNG.cpp

HSLAPixel.o: cs221util/HSLAPixel.cpp cs221util/HSLAPixel.h
#  Implicit rule search has not been done.
#  Last modified 2022-02-03 16:21:29.155446
#  File has been updated.
#  Successfully updated.
#  recipe to execute (from 'Makefile', line 24):
	$(CXX) $(CXXFLAGS) cs221util/HSLAPixel.cpp

# Not a target:
cs221util/lodepng/lodepng.h:
#  Implicit rule search has been done.
#  Last modified 2022-01-31 23:16:14.567876
#  File has been updated.
#  Successfully updated.

# Not a target:
imglist.cpp:
#  Implicit rule search has been done.
#  Last modified 2022-02-07 16:02:40.413237
#  File has been updated.
#  Successfully updated.

# Not a target:
cs221util/lodepng/lodepng.cpp:
#  Implicit rule search has been done.
#  Last modified 2022-01-31 23:16:14.547705
#  File has been updated.
#  Successfully updated.

# files hash-table stats:
# Load=20/1024=2%, Rehash=0, Collisions=0/58=0%
# VPATH Search Paths

# No 'vpath' search paths.

# No general ('VPATH' variable) search path.

# strcache buffers: 1 (0) / strings = 29 / storage = 373 B / avg = 12 B
# current buf: size = 8162 B / used = 373 B / count = 29 / avg = 12 B

# strcache performance: lookups = 63 / hit rate = 53%
# hash-table stats:
# Load=29/8192=0%, Rehash=0, Collisions=1/63=2%
# Finished Make data base on Mon Feb  7 16:52:19 2022

 
